CharlesDurrant	15:11 01/03/2021	Application error number: 146 Initialise	Unable to initialise the P11D program.   Working directory not set	For help, please contact xxx at ndurrant@deloitte.co.uk 	P11d2020 4.0.66: Function Initialise
CharlesDurrant	09:25 02/03/2021	Visual Basic error: 0 Get Employee Number	Error getting the personnel number from a benefits parent employee.	For help, please contact xxx at ndurrant@deloitte.co.uk 	P11d2020 4.0.69: Function GetEmployeeNumber
CharlesDurrant	10:11 02/03/2021	Application error number: 34 Load Employer	Unable to load employer file.  Cannot open employer test (C:\projects\p11d\p11d_open_source\code\p11d2020\Data\test20.mdb) 	For help, please contact xxx at ndurrant@deloitte.co.uk 	P11d2020 4.0.69: Function LoadEmployer
CharlesDurrant	10:18 02/03/2021	Visual Basic error: 3261 Load Employer	Unable to load employer file.  Table 'T_BenCar' is exclusively locked by user 'Admin' on machine 'DESKTOP-AK038P7'.	For help, please contact xxx at ndurrant@deloitte.co.uk 	P11d2020 4.0.69: Function LoadEmployer
CharlesDurrant	10:18 02/03/2021	Visual Basic error: 13 Set Benefit Item Information	Error setting benefit information  Type mismatch	For help, please contact xxx at ndurrant@deloitte.co.uk 	P11d2020 4.0.69: Function SetBenItemsInformation
CharlesDurrant	10:18 02/03/2021	Visual Basic error: 13 Set Benefit Item Information	Error setting benefit information  Type mismatch	For help, please contact xxx at ndurrant@deloitte.co.uk 	P11d2020 4.0.69: Function SetBenItemsInformation
CharlesDurrant	10:19 02/03/2021	Visual Basic error: 13 Set Benefit Item Information	Error setting benefit information  Type mismatch	For help, please contact xxx at ndurrant@deloitte.co.uk 	P11d2020 4.0.69: Function SetBenItemsInformation
CharlesDurrant	10:40 02/03/2021	Visual Basic error: 3265 CompanyCar Write DB	Error writing the company car to the database.  Item not found in this collection.	For help, please contact xxx at ndurrant@deloitte.co.uk 	P11d2020 4.0.69: Function CompanyCar_WriteDB
CharlesDurrant	10:41 02/03/2021	Visual Basic error: 3265 CompanyCar Write DB	Error writing the company car to the database.  Item not found in this collection.	For help, please contact xxx at ndurrant@deloitte.co.uk 	P11d2020 4.0.69: Function CompanyCar_WriteDB
CharlesDurrant	10:45 02/03/2021	Visual Basic error: 3265 CompanyCar Write DB	Error writing the company car to the database.  Item not found in this collection.	For help, please contact xxx at ndurrant@deloitte.co.uk 	P11d2020 4.0.69: Function CompanyCar_WriteDB
CharlesDurrant	10:47 02/03/2021	Visual Basic error: 3265 CompanyCar Write DB	Error writing the company car to the database.  Item not found in this collection.	For help, please contact xxx at ndurrant@deloitte.co.uk 	P11d2020 4.0.69: Function CompanyCar_WriteDB
CharlesDurrant	15:57 02/03/2021	Application error number: 20 Do Print	Error determining how to print.  No employees selected for printing (see print dialogue 'Print Range').	For help, please contact xxx at ndurrant@deloitte.co.uk 	P11d2020 4.0.69: Function DoPrint
CharlesDurrant	16:00 02/03/2021	Application error number: 20 Do Print	Error determining how to print.  No employees selected for printing (see print dialogue 'Print Range').	For help, please contact xxx at ndurrant@deloitte.co.uk 	P11d2020 4.0.69: Function DoPrint
CharlesDurrant	16:13 02/03/2021	abatec Importer error number: 5 Import error on line: 1	There was an error importing the file C:\projects\p11d\p11d_open_source\code\p11d2020\Documents\Import files\cars.csv   Parse item 'list_price' on line 1 Could not import line as parse value is not a number	For help, please contact xxx at ndurrant@deloitte.co.uk 	P11d2020 4.0.69: Function ImportSingleLine
CharlesDurrant	16:14 02/03/2021	abatec Importer error number: 5 Import error on line: 1	There was an error importing the file C:\projects\p11d\p11d_open_source\code\p11d2020\Documents\Import files\cars.csv   Parse item 'list_price' on line 1 Could not import line as parse value is not a number	For help, please contact xxx at ndurrant@deloitte.co.uk 	P11d2020 4.0.69: Function ImportSingleLine
CharlesDurrant	16:14 02/03/2021	abatec Importer error number: 5 Import error on line: 1	There was an error importing the file C:\projects\p11d\p11d_open_source\code\p11d2020\Documents\Import files\cars.csv   Parse item 'list_price' on line 1 Could not import line as parse value is not a number	For help, please contact xxx at ndurrant@deloitte.co.uk 	P11d2020 4.0.69: Function ImportSingleLine
CharlesDurrant	11:25 03/03/2021	Application error number: 147 Submit_EfilerCom	Error while submitting document in PAYE Online.  Submission cancelled	For help, please contact support at ndurrant@deloitte.co.uk 	P11d2020 4.0.68: Function Submit_EfilerCom
CharlesDurrant	11:27 03/03/2021	Application error number: 147 Submit_EfilerCom	Error while submitting document in PAYE Online.  Submission cancelled	For help, please contact support at ndurrant@deloitte.co.uk 	P11d2020 4.0.68: Function Submit_EfilerCom
CharlesDurrant	14:26 04/03/2021	Application error number: 147 Submit_EfilerCom	Error while submitting document in PAYE Online.  Submission cancelled	For help, please contact support at ndurrant@deloitte.co.uk 	P11d2020 4.0.68: Function Submit_EfilerCom
CharlesDurrant	14:27 04/03/2021	Application error number: 147 Submit_EfilerCom	Error while submitting document in PAYE Online.  Submission cancelled	For help, please contact support at ndurrant@deloitte.co.uk 	P11d2020 4.0.68: Function Submit_EfilerCom
CharlesDurrant	14:23 18/03/2021	Application error number: 142 ERR_CHECKCHANGED	This function has failed for the form F_CompanyCar.  invalid fuel type	For help, please contact support at ndurrant@deloitte.co.uk 	P11d2020 4.0.68: Function CheckChanged
CharlesDurrant	14:25 18/03/2021	Application error number: 142 ERR_CHECKCHANGED	This function has failed for the form F_CompanyCar.  invalid fuel type	For help, please contact support at ndurrant@deloitte.co.uk 	P11d2020 4.0.68: Function CheckChanged
CharlesDurrant	14:28 18/03/2021	Application error number: 142 ERR_BenefitOn	Error loading the car details onto the form.  invalid fuel type	For help, please contact support at ndurrant@deloitte.co.uk 	P11d2020 4.0.68: Function BenefitOn
CharlesDurrant	15:28 18/03/2021	Visual Basic error: 3314 CompanyCar Write DB	Error writing the company car to the database.  The field 'T_BenCar.ElectricRangeMiles' cannot contain a Null value because the Required property for this field is set to True.  Enter a value in this field.	For help, please contact support at ndurrant@deloitte.co.uk 	P11d2020 4.0.68: Function CompanyCar_WriteDB
CharlesDurrant	15:29 18/03/2021	Visual Basic error: 3314 CompanyCar Write DB	Error writing the company car to the database.  The field 'T_BenCar.ElectricRangeMiles' cannot contain a Null value because the Required property for this field is set to True.  Enter a value in this field.	For help, please contact support at ndurrant@deloitte.co.uk 	P11d2020 4.0.68: Function CompanyCar_WriteDB
CharlesDurrant	15:46 18/03/2021	Visual Basic error: 28 After Checkchanged	Error changing benefit parameters after assessing if there was new user input.  Out of stack space	For help, please contact support at ndurrant@deloitte.co.uk 	P11d2020 4.0.68: Function AfterCheckChanged
