Administrator	12:11 25/06/2018	Visual Basic error: 0 Get Employee Number	Error getting the personnel number from a benefits parent employee.	For help, please contact Thomson Reuters on 0800 1577 802	P11d2018 4.0.61: Function GetEmployeeNumber
Administrator	12:51 25/06/2018	Visual Basic error: 3317 CompanyCar Write DB	Error writing the company car to the database.  One or more values are prohibited by the validation rule '<=9' set for 'T_BenCar.P46FuelType'.  Enter a value that the expression for this field can accept.	For help, please contact Thomson Reuters on 0800 1577 802	P11d2018 4.0.61: Function CompanyCar_WriteDB
Administrator	12:51 25/06/2018	Visual Basic error: 3317 CompanyCar Write DB	Error writing the company car to the database.  One or more values are prohibited by the validation rule '<=9' set for 'T_BenCar.P46FuelType'.  Enter a value that the expression for this field can accept.	For help, please contact Thomson Reuters on 0800 1577 802	P11d2018 4.0.61: Function CompanyCar_WriteDB
Administrator	12:51 25/06/2018	Visual Basic error: 3317 CompanyCar Write DB	Error writing the company car to the database.  One or more values are prohibited by the validation rule '<=9' set for 'T_BenCar.P46FuelType'.  Enter a value that the expression for this field can accept.	For help, please contact Thomson Reuters on 0800 1577 802	P11d2018 4.0.61: Function CompanyCar_WriteDB
Administrator	12:52 25/06/2018	Visual Basic error: 70 Creating new employer file	Unable to create the employer (C:\projects\P11D\Data\rollfo18.mdb).  Unable to copy master database C:\P11D2018\Blnk32.mdb.	For help, please contact Thomson Reuters on 0800 1577 802	P11d2018 4.0.61: Function CreateEmployer
Administrator	12:52 25/06/2018	Application error number: 34 Load Employer	Unable to load employer file.  Cannot open employer ROLLFORWARD (C:\projects\P11D\Data\rollfo18.mdb) 	For help, please contact Thomson Reuters on 0800 1577 802	P11d2018 4.0.61: Function LoadEmployer
Administrator	12:52 25/06/2018	Visual Basic error: 91 Employer write error	Unable to write the employer details.  Object variable or With block variable not set	For help, please contact Thomson Reuters on 0800 1577 802	P11d2018 4.0.61: Function WriteDB
Administrator	12:52 25/06/2018	Application error number: 89 Write FPCS	Error writing the car scheme to the database.  The database is nothing.	For help, please contact Thomson Reuters on 0800 1577 802	P11d2018 4.0.61: Function WriteFPCS
Administrator	12:52 25/06/2018	Visual Basic error: 91 Write CDCs	Error writing the company defined categories to the database.  Object variable or With block variable not set	For help, please contact Thomson Reuters on 0800 1577 802	P11d2018 4.0.61: Function WriteCDCs
Administrator	12:52 25/06/2018	Application error number: 89 Shared Van Write DB	Error writing a shared van to the database.  Recordset is nothing	For help, please contact Thomson Reuters on 0800 1577 802	P11d2018 4.0.61: Function SharedVan_WriteDB
Administrator	12:52 25/06/2018	Visual Basic error: 91 All Apart From Empoyees	Error bringing forward data that is not employees.  Object variable or With block variable not set	For help, please contact Thomson Reuters on 0800 1577 802	P11d2018 4.0.61: Function AllApartFromEmployees
Administrator	12:52 25/06/2018	Visual Basic error: 91 Writing employee details	Error writing the employee details to the database.  Object variable or With block variable not set	For help, please contact Thomson Reuters on 0800 1577 802	P11d2018 4.0.61: Function WriteDB
Administrator	12:53 25/06/2018	Application error number: 34 Load Employer	Unable to load employer file.  Cannot open employer ROLLFORWARD (C:\projects\P11D\Data\rollfo18.mdb) 	For help, please contact Thomson Reuters on 0800 1577 802	P11d2018 4.0.61: Function LoadEmployer
Administrator	12:53 25/06/2018	Visual Basic error: 0 Get Employee Number	Error getting the personnel number from a benefits parent employee.	For help, please contact Thomson Reuters on 0800 1577 802	P11d2018 4.0.61: Function GetEmployeeNumber
Administrator	12:53 25/06/2018	Visual Basic error: 0 Get Employee Number	Error getting the personnel number from a benefits parent employee.	For help, please contact Thomson Reuters on 0800 1577 802	P11d2018 4.0.61: Function GetEmployeeNumber
Administrator	13:48 25/06/2018	Visual Basic error: 482 Display text	Unable to complete display operation Aborting current report - P11D report:P46(Car)  Printer error	For help, please contact Thomson Reuters on 0800 1577 802	P11d2018 4.0.61: Function DisplayText
Administrator	13:48 25/06/2018	Visual Basic error: 482 Display text	Unable to complete display operation Aborting current report - P11D report:P46(Car)  Printer error	For help, please contact Thomson Reuters on 0800 1577 802	P11d2018 4.0.61: Function DisplayText
Administrator	13:52 25/06/2018	Application error number: 20 Do Print	Error determining how to print.  No employees selected for printing (see print dialogue 'Print Range').	For help, please contact Thomson Reuters on 0800 1577 802	P11d2018 4.0.61: Function DoPrint
Administrator	13:57 25/06/2018	Application error number: 20 Do Print	Error determining how to print.  No employees selected for printing (see print dialogue 'Print Range').	For help, please contact Thomson Reuters on 0800 1577 802	P11d2018 4.0.61: Function DoPrint
Administrator	14:03 25/06/2018	Application error number: 20 Do Print	Error determining how to print.  No employees selected for printing (see print dialogue 'Print Range').	For help, please contact Thomson Reuters on 0800 1577 802	P11d2018 4.0.61: Function DoPrint
Administrator	14:05 25/06/2018	Application error number: 147 Submit_EfilerCom	Error while submitting document in PAYE Online.  Submission cancelled	For help, please contact Thomson Reuters on 0800 1577 802	P11d2018 4.0.61: Function Submit_EfilerCom
Administrator	14:09 25/06/2018	Application error number: 147 Submit_EfilerCom	Error while submitting document in PAYE Online.  Submission cancelled	For help, please contact Thomson Reuters on 0800 1577 802	P11d2018 4.0.61: Function Submit_EfilerCom
Administrator	14:09 25/06/2018	Application error number: 147 Submit_EfilerCom	Error while submitting document in PAYE Online.  Submission cancelled	For help, please contact Thomson Reuters on 0800 1577 802	P11d2018 4.0.61: Function Submit_EfilerCom
Administrator	13:55 26/02/2019	Application error number: 8 Read Tax Rates	Unable to load the tax rates.  The rates class cannot be initialized because the rates database is out of date. Expected 59 records, found 58.	For help, please contact Thomson Reuters on 0800 1577 802	P11d2018 4.0.63: Function SetUpRates
Administrator	13:55 26/02/2019	Visual Basic error: 440 Initialise	Unable to initialise the P11D program.   Automation error	For help, please contact Thomson Reuters on 0800 1577 802	P11d2018 4.0.63: Function Initialise
Administrator	14:11 26/02/2019	Application error number: 147 Validate MM Data	Error validating the data for Magnetic Media.  No employers selected	For help, please contact Thomson Reuters on 0800 1577 802	P11d2018 4.0.63: Function ValidatePAYEOnlineEmployerData
Administrator	14:21 26/02/2019	Application error number: 60 Submit_EfilerCom	Error while submitting document in PAYE Online.  Failed to open file C:\P11D2018\System\PAYEOnline\EXB.xsd	For help, please contact Thomson Reuters on 0800 1577 802	P11d2018 4.0.63: Function Submit_EfilerCom
Administrator	14:22 26/02/2019	Application error number: 60 Submit_EfilerCom	Error while submitting document in PAYE Online.  Failed to open file C:\P11D2018\System\PAYEOnline\EXB.xsd	For help, please contact Thomson Reuters on 0800 1577 802	P11d2018 4.0.63: Function Submit_EfilerCom
Administrator	14:10 27/03/2019	Application error number: 138 Submit_EfilerCom	Error while submitting document in PAYE Online.  Submission cancelled	For help, please contact Thomson Reuters on 0800 1577 802	P11d2018 4.0.64: Function Submit_EfilerCom
Administrator	15:18 27/03/2019	Visual Basic error: 1 Submit_EfilerCom	Error while submitting document in PAYE Online.  Gateway error 304B	For help, please contact Thomson Reuters on 0800 1577 802	P11d2018 4.0.64: Function Submit_EfilerCom
Administrator	15:19 27/03/2019	Application error number: 138 Submit_EfilerCom	Error while submitting document in PAYE Online.  Submission cancelled	For help, please contact Thomson Reuters on 0800 1577 802	P11d2018 4.0.64: Function Submit_EfilerCom
Administrator	15:21 27/03/2020	Visual Basic error: 1 Submit_EfilerCom	Error while submitting document in PAYE Online.  Gateway error 304B	For help, please contact Thomson Reuters on 0800 1577 802	P11d2018 4.0.64: Function Submit_EfilerCom
Administrator	15:33 07/07/2019	Visual Basic error: 1 Submit_EfilerCom	Error while submitting document in PAYE Online.  Gateway error 304B	For help, please contact Thomson Reuters on 0800 1577 802	P11d2018 4.0.64: Function Submit_EfilerCom
